IQ-TREE multicore version 2.2.2.6 COVID-edition for Linux 64-bit built May 27 2023
Developed by Bui Quang Minh, James Barbetti, Nguyen Lam Tung,
Olga Chernomor, Heiko Schmidt, Dominik Schrempf, Michael Woodhams, Ly Trong Nhan.

Host:    n7674 (AVX512, FMA3, 188 GB RAM)
Command: iqtree -s alineamiento_chs.fasta -m MFP -nt AUTO -pre arbol_chs
Seed:    395602 (Using SPRNG - Scalable Parallel Random Number Generator)
Time:    Wed Jul 16 19:51:47 2025
Kernel:  AVX+FMA - auto-detect threads (36 CPU cores detected)

Reading alignment file alineamiento_chs.fasta ... Fasta format detected
Reading fasta file: done in 0.000103951 secs using 16.35% CPU
Alignment most likely contains DNA/RNA sequences
Constructing alignment: done in 0.00151014 secs using 68.67% CPU
WARNING: 2 sites contain only gaps or ambiguous characters.
Alignment has 3 sequences with 2506 columns, 85 distinct patterns
0 parsimony-informative, 570 singleton sites, 1936 constant sites
            Gap/Ambiguity  Composition  p-value
Analyzing sequences: done in 4.05312e-06 secs
   1  KT783451.1   52.59%    failed      0.00%
   2  AY954515.1    0.40%    failed      0.60%
   3  U88077.1     40.98%    passed     81.34%
WARNING: 1 sequences contain more than 50% gaps/ambiguity
****  TOTAL        31.32%  2 sequences failed composition chi2 test (p-value<5%; df=3)
Checking for duplicate sequences: done in 8.82149e-06 secs


Create initial parsimony tree by phylogenetic likelihood library (PLL)... 0.000 seconds
Measuring multi-threading efficiency up to 36 CPU cores
Increase to 10 rounds for branch lengths
137701 trees examined
Threads: 1 / Time: 36.000 sec / Speedup: 1.000 / Efficiency: 100% / LogL: -5610
Threads: 2 / Time: 56.818 sec / Speedup: 0.634 / Efficiency: 32% / LogL: -5610
Determining AUTO threadcount: done in 92.8183 secs using 160.6% CPU
BEST NUMBER OF THREADS: 1

Perform fast likelihood tree search using GTR+I+G model...
Estimate model parameters (epsilon = 5.000)
Perform nearest neighbor interchange...
Optimizing NNI: done in 5.00679e-06 secs using 199.7% CPU
Estimate model parameters (epsilon = 1.000)
1. Initial log-likelihood: -5565.406
Optimal log-likelihood: -5563.647
Rate parameters:  A-C: 1.32333  A-G: 4.50317  A-T: 0.96305  C-G: 1.31801  C-T: 3.72377  G-T: 1.00000
Base frequencies:  A: 0.249  C: 0.232  G: 0.251  T: 0.268
Proportion of invariable sites: 0.384
Gamma shape alpha: 2.295
Parameters optimization took 1 rounds (0.001 sec)
Time for fast ML tree search: 0.015 seconds

NOTE: ModelFinder requires 0 MB RAM!
ModelFinder will test up to 484 DNA models (sample size: 2506) ...
 No. Model         -LnL         df  AIC          AICc         BIC
  1  GTR+F         5561.794     11  11145.588    11145.694    11209.679
  2  GTR+F+I       5558.006     12  11140.013    11140.138    11209.930
  3  GTR+F+G4      5558.317     12  11140.634    11140.759    11210.551
  4  GTR+F+I+G4    5559.140     13  11144.280    11144.426    11220.024
  5  GTR+F+R2      5558.177     13  11142.354    11142.500    11218.098
  6  GTR+F+R3      5558.274     15  11146.547    11146.740    11233.944
 14  GTR+F+I+R2    5558.550     14  11145.100    11145.269    11226.670
 15  GTR+F+I+R3    5558.261     16  11148.523    11148.741    11241.746
 23  SYM           5570.485     8   11156.971    11157.028    11203.582
 24  SYM+I         5566.572     9   11151.145    11151.217    11203.583
 25  SYM+G4        5566.912     9   11151.825    11151.897    11204.263
 27  SYM+R2        5566.782     10  11153.563    11153.652    11211.828
 45  TVM+F         5562.844     10  11145.688    11145.776    11203.952
 46  TVM+F+I       5558.800     11  11139.601    11139.706    11203.691
 47  TVM+F+G4      5559.169     11  11140.338    11140.443    11204.428
 49  TVM+F+R2      5559.031     12  11142.063    11142.188    11211.980
 67  TVMe          5571.456     7   11156.912    11156.957    11197.697
 68  TVMe+I        5567.377     8   11150.753    11150.811    11197.365
 69  TVMe+G4       5567.756     8   11151.511    11151.569    11198.123
 71  TVMe+R2       5567.587     9   11153.174    11153.247    11205.612
 89  TIM3+F        5561.904     9   11141.809    11141.881    11194.247
 90  TIM3+F+I      5557.993     10  11135.986    11136.074    11194.251
 91  TIM3+F+G4     5558.371     10  11136.741    11136.829    11195.006
 93  TIM3+F+R2     5558.231     11  11138.463    11138.569    11202.554
111  TIM3e         5570.599     6   11153.198    11153.232    11188.157
112  TIM3e+I       5566.577     7   11147.153    11147.198    11187.938
113  TIM3e+G4      5566.990     7   11147.981    11148.025    11188.766
115  TIM3e+R2      5566.837     8   11149.674    11149.731    11196.285
133  TIM2+F        5563.617     9   11145.233    11145.305    11197.671
134  TIM2+F+I      5559.456     10  11138.912    11139.001    11197.177
135  TIM2+F+G4     5559.919     10  11139.838    11139.927    11198.103
137  TIM2+F+R2     5559.755     11  11141.510    11141.616    11205.601
155  TIM2e         5571.455     6   11154.910    11154.943    11189.868
156  TIM2e+I       5567.217     7   11148.435    11148.480    11189.220
157  TIM2e+G4      5567.663     7   11149.325    11149.370    11190.110
159  TIM2e+R2      5567.522     8   11151.044    11151.102    11197.655
177  TIM+F         5563.650     9   11145.301    11145.373    11197.739
178  TIM+F+I       5559.459     10  11138.918    11139.006    11197.182
179  TIM+F+G4      5559.916     10  11139.832    11139.920    11198.096
181  TIM+F+R2      5559.760     11  11141.521    11141.627    11205.612
199  TIMe          5571.461     6   11154.922    11154.956    11189.881
200  TIMe+I        5567.194     7   11148.388    11148.433    11189.173
201  TIMe+G4       5567.651     7   11149.301    11149.346    11190.086
203  TIMe+R2       5567.505     8   11151.010    11151.068    11197.622
221  TPM3u+F       5562.952     8   11141.903    11141.961    11188.515
222  TPM3u+F+I     5558.811     9   11135.622    11135.694    11188.060
223  TPM3u+F+G4    5559.251     9   11136.502    11136.574    11188.940
225  TPM3u+F+R2    5559.083     10  11138.165    11138.253    11196.429
243  TPM3          5571.567     5   11153.134    11153.158    11182.266
244  TPM3+I        5567.364     6   11146.728    11146.762    11181.687
245  TPM3+G4       5567.791     6   11147.583    11147.617    11182.542
247  TPM3+R2       5567.649     7   11149.297    11149.342    11190.083
265  TPM2u+F       5564.620     8   11145.239    11145.297    11191.851
266  TPM2u+F+I     5560.235     9   11138.470    11138.542    11190.908
267  TPM2u+F+G4    5560.721     9   11139.442    11139.514    11191.880
269  TPM2u+F+R2    5560.576     10  11141.152    11141.241    11199.417
287  TPM2          5572.410     5   11154.819    11154.843    11183.952
288  TPM2+I        5567.969     6   11147.938    11147.972    11182.897
289  TPM2+G4       5568.436     6   11148.873    11148.906    11183.832
291  TPM2+R2       5568.311     7   11150.623    11150.668    11191.408
309  K3Pu+F        5564.650     8   11145.300    11145.358    11191.912
310  K3Pu+F+I      5560.237     9   11138.474    11138.546    11190.912
311  K3Pu+F+G4     5560.718     9   11139.436    11139.509    11191.874
313  K3Pu+F+R2     5560.580     10  11141.159    11141.247    11199.424
331  K3P           5572.413     5   11154.827    11154.851    11183.959
332  K3P+I         5567.953     6   11147.906    11147.939    11182.864
333  K3P+G4        5568.419     6   11148.837    11148.871    11183.796
335  K3P+R2        5568.293     7   11150.586    11150.631    11191.371
353  TN+F          5563.675     8   11143.351    11143.409    11189.962
354  TN+F+I        5559.470     9   11136.940    11137.012    11189.378
355  TN+F+G4       5559.926     9   11137.852    11137.925    11190.290
357  TN+F+R2       5559.766     10  11139.532    11139.620    11197.796
375  TNe           5571.504     5   11153.009    11153.033    11182.141
376  TNe+I         5567.227     6   11146.455    11146.488    11181.413
377  TNe+G4        5567.674     6   11147.349    11147.382    11182.307
379  TNe+R2        5567.533     7   11149.067    11149.112    11189.852
397  HKY+F         5564.677     7   11143.354    11143.399    11184.139
398  HKY+F+I       5560.245     8   11136.490    11136.547    11183.101
399  HKY+F+G4      5560.735     8   11137.470    11137.528    11184.081
401  HKY+F+R2      5560.596     9   11139.192    11139.264    11191.630
419  K2P           5572.458     4   11152.915    11152.931    11176.221
420  K2P+I         5567.987     5   11145.973    11145.997    11175.106
421  K2P+G4        5568.445     5   11146.890    11146.914    11176.022
423  K2P+R2        5568.324     6   11148.648    11148.681    11183.606
441  F81+F         5602.270     6   11216.539    11216.573    11251.498
442  F81+F+I       5600.377     7   11214.755    11214.800    11255.540
443  F81+F+G4      5600.419     7   11214.838    11214.883    11255.623
445  F81+F+R2      5600.484     8   11216.969    11217.026    11263.580
463  JC            5610.103     3   11226.207    11226.216    11243.686
464  JC+I          5608.162     4   11224.323    11224.339    11247.629
465  JC+G4         5608.250     4   11224.500    11224.516    11247.805
467  JC+R2         5608.256     5   11226.513    11226.537    11255.645
Akaike Information Criterion:           TPM3u+F+I
Corrected Akaike Information Criterion: TPM3u+F+I
Bayesian Information Criterion:         K2P+I
Best-fit model: K2P+I chosen according to BIC

All model information printed to arbol_chs.model.gz
CPU time for ModelFinder: 149.262 seconds (0h:2m:29s)
Wall-clock time for ModelFinder: 92.921 seconds (0h:1m:32s)

NOTE: 0 MB RAM (0 GB) is required!
Estimate model parameters (epsilon = 0.100)
1. Initial log-likelihood: -5567.987
Optimal log-likelihood: -5567.974
Rate parameters:  A-C: 1.00000  A-G: 2.68918  A-T: 1.00000  C-G: 1.00000  C-T: 2.68918  G-T: 1.00000
Base frequencies:  A: 0.250  C: 0.250  G: 0.250  T: 0.250
Proportion of invariable sites: 0.288
Parameters optimization took 1 rounds (0.000 sec)
Wrote distance file to... 
Computing ML distances based on estimated model parameters...
Calculating distance matrix: done in 3.19481e-05 secs using 200.3% CPU
Computing ML distances took 0.000059 sec (of wall-clock time) 0.000118 sec (of CPU time)
Setting up auxiliary I and S matrices: done in 2.09808e-05 secs using 95.33% CPU
Constructing RapidNJ tree: done in 0 secs
Computing RapidNJ tree took 0.000051 sec (of wall-clock time) 0.000044 sec (of CPU time)
Log-likelihood of RapidNJ tree: -5567.974
--------------------------------------------------------------------
|             INITIALIZING CANDIDATE TREE SET                      |
--------------------------------------------------------------------
Generating 99 parsimony trees... 0.005 second
Current best score: -5567.974

Do NNI search on 1 best initial trees
Optimizing NNI: done in 2.86102e-06 secs using 174.8% CPU
Finish initializing candidate tree set (1)
Current best tree score: -5567.974 / CPU time: 0.010
Number of iterations: 1
--------------------------------------------------------------------
|               OPTIMIZING CANDIDATE TREE SET                      |
--------------------------------------------------------------------
Optimizing NNI: done in 3.09944e-06 secs using 161.3% CPU
Optimizing NNI: done in 2.14577e-06 secs using 139.8% CPU
Optimizing NNI: done in 2.14577e-06 secs using 139.8% CPU
Optimizing NNI: done in 9.53674e-07 secs using 209.7% CPU
Optimizing NNI: done in 1.19209e-06 secs using 251.7% CPU
Optimizing NNI: done in 9.53674e-07 secs using 314.6% CPU
Optimizing NNI: done in 1.90735e-06 secs using 157.3% CPU
Optimizing NNI: done in 1.90735e-06 secs using 157.3% CPU
Optimizing NNI: done in 9.53674e-07 secs using 209.7% CPU
Iteration 10 / LogL: -5567.974 / Time: 0h:0m:0s
Optimizing NNI: done in 9.53674e-07 secs using 314.6% CPU
Optimizing NNI: done in 9.53674e-07 secs using 314.6% CPU
Optimizing NNI: done in 2.14577e-06 secs using 139.8% CPU
Optimizing NNI: done in 9.53674e-07 secs using 314.6% CPU
Optimizing NNI: done in 9.53674e-07 secs using 314.6% CPU
Optimizing NNI: done in 1.90735e-06 secs using 157.3% CPU
Optimizing NNI: done in 9.53674e-07 secs using 314.6% CPU
Optimizing NNI: done in 2.14577e-06 secs using 93.21% CPU
Optimizing NNI: done in 1.90735e-06 secs using 157.3% CPU
Optimizing NNI: done in 2.14577e-06 secs using 139.8% CPU
Iteration 20 / LogL: -5567.974 / Time: 0h:0m:0s
Optimizing NNI: done in 9.53674e-07 secs using 209.7% CPU
Optimizing NNI: done in 9.53674e-07 secs using 209.7% CPU
Optimizing NNI: done in 9.53674e-07 secs using 314.6% CPU
Optimizing NNI: done in 9.53674e-07 secs using 209.7% CPU
Optimizing NNI: done in 2.14577e-06 secs using 139.8% CPU
Optimizing NNI: done in 9.53674e-07 secs using 209.7% CPU
Optimizing NNI: done in 1.90735e-06 secs using 157.3% CPU
Optimizing NNI: done in 1.90735e-06 secs using 157.3% CPU
Optimizing NNI: done in 2.14577e-06 secs using 139.8% CPU
Optimizing NNI: done in 1.90735e-06 secs using 157.3% CPU
Iteration 30 / LogL: -5567.974 / Time: 0h:0m:0s (0h:0m:0s left)
Optimizing NNI: done in 1.90735e-06 secs using 104.9% CPU
Optimizing NNI: done in 2.14577e-06 secs using 139.8% CPU
Optimizing NNI: done in 1.90735e-06 secs using 157.3% CPU
Optimizing NNI: done in 1.90735e-06 secs using 157.3% CPU
Optimizing NNI: done in 2.14577e-06 secs using 93.21% CPU
Optimizing NNI: done in 2.14577e-06 secs using 139.8% CPU
Optimizing NNI: done in 1.90735e-06 secs using 104.9% CPU
Optimizing NNI: done in 1.90735e-06 secs using 157.3% CPU
Optimizing NNI: done in 2.14577e-06 secs using 93.21% CPU
Optimizing NNI: done in 1.90735e-06 secs using 157.3% CPU
Iteration 40 / LogL: -5567.974 / Time: 0h:0m:0s (0h:0m:0s left)
Optimizing NNI: done in 1.90735e-06 secs using 157.3% CPU
Optimizing NNI: done in 2.14577e-06 secs using 93.21% CPU
Optimizing NNI: done in 9.53674e-07 secs using 314.6% CPU
Optimizing NNI: done in 1.90735e-06 secs using 157.3% CPU
Optimizing NNI: done in 9.53674e-07 secs using 314.6% CPU
Optimizing NNI: done in 1.90735e-06 secs using 157.3% CPU
Optimizing NNI: done in 9.53674e-07 secs using 209.7% CPU
Optimizing NNI: done in 1.19209e-06 secs using 251.7% CPU
Optimizing NNI: done in 2.14577e-06 secs using 139.8% CPU
Optimizing NNI: done in 9.53674e-07 secs using 314.6% CPU
Iteration 50 / LogL: -5567.974 / Time: 0h:0m:0s (0h:0m:0s left)
Optimizing NNI: done in 1.19209e-06 secs using 251.7% CPU
Optimizing NNI: done in 1.19209e-06 secs using 167.8% CPU
Optimizing NNI: done in 9.53674e-07 secs using 314.6% CPU
Optimizing NNI: done in 9.53674e-07 secs using 209.7% CPU
Optimizing NNI: done in 9.53674e-07 secs using 314.6% CPU
Optimizing NNI: done in 9.53674e-07 secs using 314.6% CPU
Optimizing NNI: done in 9.53674e-07 secs using 314.6% CPU
Optimizing NNI: done in 1.90735e-06 secs using 157.3% CPU
Optimizing NNI: done in 1.19209e-06 secs using 251.7% CPU
Optimizing NNI: done in 1.19209e-06 secs using 167.8% CPU
Iteration 60 / LogL: -5567.974 / Time: 0h:0m:0s (0h:0m:0s left)
Optimizing NNI: done in 9.53674e-07 secs using 314.6% CPU
Optimizing NNI: done in 1.90735e-06 secs using 157.3% CPU
Optimizing NNI: done in 9.53674e-07 secs using 209.7% CPU
Optimizing NNI: done in 9.53674e-07 secs using 314.6% CPU
Optimizing NNI: done in 1.90735e-06 secs using 157.3% CPU
Optimizing NNI: done in 1.90735e-06 secs using 104.9% CPU
Optimizing NNI: done in 1.90735e-06 secs using 157.3% CPU
Optimizing NNI: done in 1.19209e-06 secs using 251.7% CPU
Optimizing NNI: done in 9.53674e-07 secs using 314.6% CPU
Optimizing NNI: done in 9.53674e-07 secs using 314.6% CPU
Iteration 70 / LogL: -5567.974 / Time: 0h:0m:0s (0h:0m:0s left)
Optimizing NNI: done in 2.14577e-06 secs using 139.8% CPU
Optimizing NNI: done in 9.53674e-07 secs using 314.6% CPU
Optimizing NNI: done in 9.53674e-07 secs using 314.6% CPU
Optimizing NNI: done in 9.53674e-07 secs using 209.7% CPU
Optimizing NNI: done in 1.19209e-06 secs using 251.7% CPU
Optimizing NNI: done in 9.53674e-07 secs using 209.7% CPU
Optimizing NNI: done in 9.53674e-07 secs using 314.6% CPU
Optimizing NNI: done in 9.53674e-07 secs using 314.6% CPU
Optimizing NNI: done in 9.53674e-07 secs using 314.6% CPU
Optimizing NNI: done in 9.53674e-07 secs using 209.7% CPU
Iteration 80 / LogL: -5567.974 / Time: 0h:0m:0s (0h:0m:0s left)
Optimizing NNI: done in 1.19209e-06 secs using 251.7% CPU
Optimizing NNI: done in 1.90735e-06 secs using 157.3% CPU
Optimizing NNI: done in 1.90735e-06 secs using 157.3% CPU
Optimizing NNI: done in 1.90735e-06 secs using 104.9% CPU
Optimizing NNI: done in 2.14577e-06 secs using 139.8% CPU
Optimizing NNI: done in 1.19209e-06 secs using 167.8% CPU
Optimizing NNI: done in 2.14577e-06 secs
Optimizing NNI: done in 9.53674e-07 secs
Optimizing NNI: done in 9.53674e-07 secs
Optimizing NNI: done in 9.53674e-07 secs
Iteration 90 / LogL: -5567.974 / Time: 0h:0m:0s (0h:0m:0s left)
Optimizing NNI: done in 2.14577e-06 secs
Optimizing NNI: done in 9.53674e-07 secs
Optimizing NNI: done in 1.90735e-06 secs
Optimizing NNI: done in 2.14577e-06 secs
Optimizing NNI: done in 1.90735e-06 secs
Optimizing NNI: done in 2.14577e-06 secs
Optimizing NNI: done in 1.90735e-06 secs using 157.3% CPU
Optimizing NNI: done in 1.90735e-06 secs using 157.3% CPU
Optimizing NNI: done in 2.14577e-06 secs using 139.8% CPU
Optimizing NNI: done in 2.14577e-06 secs using 93.21% CPU
Iteration 100 / LogL: -5567.974 / Time: 0h:0m:0s (0h:0m:0s left)
Optimizing NNI: done in 9.53674e-07 secs using 314.6% CPU
TREE SEARCH COMPLETED AFTER 101 ITERATIONS / Time: 0h:0m:0s

--------------------------------------------------------------------
|                    FINALIZING TREE SEARCH                        |
--------------------------------------------------------------------
Performs final model parameters optimization
Estimate model parameters (epsilon = 0.010)
1. Initial log-likelihood: -5567.974
Optimal log-likelihood: -5567.968
Rate parameters:  A-C: 1.00000  A-G: 2.69837  A-T: 1.00000  C-G: 1.00000  C-T: 2.69837  G-T: 1.00000
Base frequencies:  A: 0.250  C: 0.250  G: 0.250  T: 0.250
Proportion of invariable sites: 0.291
Parameters optimization took 1 rounds (0.000 sec)
BEST SCORE FOUND : -5567.968
Total tree length: 0.771

Total number of iterations: 101
CPU time used for tree search: 0.025 sec (0h:0m:0s)
Wall-clock time used for tree search: 0.015 sec (0h:0m:0s)
Total CPU time used: 0.051 sec (0h:0m:0s)
Total wall-clock time used: 0.040 sec (0h:0m:0s)

Analysis results written to: 
  IQ-TREE report:                arbol_chs.iqtree
  Maximum-likelihood tree:       arbol_chs.treefile
  Likelihood distances:          arbol_chs.mldist
  Screen log file:               arbol_chs.log

Date and Time: Wed Jul 16 19:53:20 2025
