IQ-TREE multicore version 2.2.2.6 COVID-edition for Linux 64-bit built May 27 2023
Developed by Bui Quang Minh, James Barbetti, Nguyen Lam Tung,
Olga Chernomor, Heiko Schmidt, Dominik Schrempf, Michael Woodhams, Ly Trong Nhan.

Host:    n7674 (AVX512, FMA3, 188 GB RAM)
Command: iqtree -s alineamiento.fasta -m MFP -nt AUTO -pre arbol
Seed:    406247 (Using SPRNG - Scalable Parallel Random Number Generator)
Time:    Tue Jul 15 15:34:54 2025
Kernel:  AVX+FMA - auto-detect threads (36 CPU cores detected)

Reading alignment file alineamiento.fasta ... Fasta format detected
Reading fasta file: done in 3.00407e-05 secs
Alignment most likely contains DNA/RNA sequences
Constructing alignment: done in 3.00407e-05 secs
Alignment has 3 sequences with 36 columns, 8 distinct patterns
0 parsimony-informative, 4 singleton sites, 32 constant sites
               Gap/Ambiguity  Composition  p-value
Analyzing sequences: done in 2.86102e-06 secs
   1  Orquidea2_CHS    0.00%    passed     98.08%
   2  Orquidea1_CHS    0.00%    passed     98.63%
   3  Orquidea3_CHS    0.00%    passed     94.41%
****  TOTAL            0.00%  0 sequences failed composition chi2 test (p-value<5%; df=3)
Checking for duplicate sequences: done in 8.82149e-06 secs

NOTE: Restoring information from model checkpoint file arbol.model.gz

CHECKPOINT: Initial tree restored
Measuring multi-threading efficiency up to 36 CPU cores
Increase to 10 rounds for branch lengths
1170153 trees examined
Threads: 1 / Time: 36.000 sec / Speedup: 1.000 / Efficiency: 100% / LogL: -66
WARNING: 2 threads for alignment length 8 will slow down analysis
Threads: 2 / Time: 18.479 sec / Speedup: 1.948 / Efficiency: 97% / LogL: -66
WARNING: 3 threads for alignment length 8 will slow down analysis
Threads: 3 / Time: 17.916 sec / Speedup: 2.009 / Efficiency: 67% / LogL: -66
WARNING: 4 threads for alignment length 8 will slow down analysis
Threads: 4 / Time: 18.304 sec / Speedup: 1.967 / Efficiency: 49% / LogL: -66
Determining AUTO threadcount: done in 90.6996 secs using 97.18% CPU
BEST NUMBER OF THREADS: 2

WARNING: 2 threads for alignment length 8 will slow down analysis
Perform fast likelihood tree search using GTR+I+G model...
Estimate model parameters (epsilon = 5.000)

WARNING: Estimated model parameters are at boundary that can cause numerical instability!

Perform nearest neighbor interchange...
Optimizing NNI: done in 8.10623e-06 secs using 148% CPU
Estimate model parameters (epsilon = 1.000)
1. Initial log-likelihood: -66.059
Optimal log-likelihood: -66.059
Rate parameters:  A-C: 0.00010  A-G: 0.00010  A-T: 49.65562  C-G: 100.00000  C-T: 87.55876  G-T: 1.00000
Warning! Some parameters hit the boundaries
Base frequencies:  A: 0.148  C: 0.157  G: 0.324  T: 0.370
Proportion of invariable sites: 0.429
Gamma shape alpha: 2.298
Parameters optimization took 1 rounds (0.000 sec)

WARNING: Estimated model parameters are at boundary that can cause numerical instability!

Time for fast ML tree search: 0.032 seconds

NOTE: ModelFinder requires 0 MB RAM!
ModelFinder will test up to 484 DNA models (sample size: 36) ...
 No. Model         -LnL         df  AIC          AICc         BIC
WARNING: 2 threads for alignment length 8 will slow down analysis
  1  GTR+F         66.365       11  154.730      165.730      172.149
WARNING: 2 threads for alignment length 8 will slow down analysis
  2  GTR+F+I       66.045       12  156.090      169.656      175.093
WARNING: 2 threads for alignment length 8 will slow down analysis
  3  GTR+F+G4      66.064       12  156.129      169.694      175.131
WARNING: 2 threads for alignment length 8 will slow down analysis
  4  GTR+F+I+G4    66.061       13  158.122      174.667      178.707
WARNING: 2 threads for alignment length 8 will slow down analysis
  5  GTR+F+R2      66.078       13  158.157      174.702      178.743
WARNING: 2 threads for alignment length 8 will slow down analysis
  6  GTR+F+R3      66.074       15  162.148      186.148      185.901
WARNING: 2 threads for alignment length 8 will slow down analysis
 14  GTR+F+I+R2    66.058       14  160.115      180.115      182.284
WARNING: 2 threads for alignment length 8 will slow down analysis
 15  GTR+F+I+R3    66.063       16  164.126      192.758      189.463
WARNING: 2 threads for alignment length 8 will slow down analysis
 23  SYM           69.952       8   155.904      161.238      168.573
WARNING: 2 threads for alignment length 8 will slow down analysis
 24  SYM+I         69.377       9   156.755      163.678      171.006
WARNING: 2 threads for alignment length 8 will slow down analysis
 25  SYM+G4        69.390       9   156.780      163.703      171.032
WARNING: 2 threads for alignment length 8 will slow down analysis
 26  SYM+I+G4      69.411       10  158.822      167.622      174.657
WARNING: 2 threads for alignment length 8 will slow down analysis
 27  SYM+R2        69.406       10  158.813      167.613      174.648
WARNING: 2 threads for alignment length 8 will slow down analysis
 45  TVM+F         67.565       10  155.129      163.929      170.964
WARNING: 2 threads for alignment length 8 will slow down analysis
 46  TVM+F+I       67.082       11  156.165      167.165      173.584
WARNING: 2 threads for alignment length 8 will slow down analysis
 47  TVM+F+G4      67.091       11  156.183      167.183      173.602
WARNING: 2 threads for alignment length 8 will slow down analysis
 48  TVM+F+I+G4    67.097       12  158.193      171.759      177.196
WARNING: 2 threads for alignment length 8 will slow down analysis
 49  TVM+F+R2      67.089       12  158.178      171.743      177.180
WARNING: 2 threads for alignment length 8 will slow down analysis
 67  TVMe          71.232       7   156.464      160.464      167.549
WARNING: 2 threads for alignment length 8 will slow down analysis
 68  TVMe+I        70.421       8   156.841      162.175      169.510
WARNING: 2 threads for alignment length 8 will slow down analysis
 69  TVMe+G4       70.421       8   156.843      162.176      169.511
WARNING: 2 threads for alignment length 8 will slow down analysis
 70  TVMe+I+G4     70.448       9   158.896      165.819      173.147
WARNING: 2 threads for alignment length 8 will slow down analysis
 71  TVMe+R2       70.507       9   159.014      165.937      173.266
WARNING: 2 threads for alignment length 8 will slow down analysis
 89  TIM3+F        68.125       9   154.251      161.174      168.503
WARNING: 2 threads for alignment length 8 will slow down analysis
 90  TIM3+F+I      67.653       10  155.305      164.105      171.140
WARNING: 2 threads for alignment length 8 will slow down analysis
 91  TIM3+F+G4     67.657       10  155.314      164.114      171.149
WARNING: 2 threads for alignment length 8 will slow down analysis
 92  TIM3+F+I+G4   67.660       11  157.319      168.319      174.738
WARNING: 2 threads for alignment length 8 will slow down analysis
 93  TIM3+F+R2     67.657       11  157.314      168.314      174.733
WARNING: 2 threads for alignment length 8 will slow down analysis
111  TIM3e         71.675       6   155.349      158.246      164.850
WARNING: 2 threads for alignment length 8 will slow down analysis
112  TIM3e+I       70.957       7   155.914      159.914      166.998
WARNING: 2 threads for alignment length 8 will slow down analysis
113  TIM3e+G4      70.956       7   155.913      159.913      166.997
WARNING: 2 threads for alignment length 8 will slow down analysis
114  TIM3e+I+G4    70.985       8   157.969      163.303      170.638
WARNING: 2 threads for alignment length 8 will slow down analysis
115  TIM3e+R2      71.009       8   158.017      163.350      170.685
WARNING: 2 threads for alignment length 8 will slow down analysis
133  TIM2+F        68.984       9   155.969      162.892      170.221
WARNING: 2 threads for alignment length 8 will slow down analysis
134  TIM2+F+I      68.317       10  156.633      165.433      172.468
WARNING: 2 threads for alignment length 8 will slow down analysis
135  TIM2+F+G4     68.320       10  156.639      165.439      172.474
WARNING: 2 threads for alignment length 8 will slow down analysis
136  TIM2+F+I+G4   68.330       11  158.659      169.659      176.078
WARNING: 2 threads for alignment length 8 will slow down analysis
137  TIM2+F+R2     68.352       11  158.703      169.703      176.122
WARNING: 2 threads for alignment length 8 will slow down analysis
155  TIM2e         72.096       6   156.192      159.088      165.693
WARNING: 2 threads for alignment length 8 will slow down analysis
156  TIM2e+I       71.162       7   156.325      160.325      167.409
WARNING: 2 threads for alignment length 8 will slow down analysis
157  TIM2e+G4      71.170       7   156.339      160.339      167.424
WARNING: 2 threads for alignment length 8 will slow down analysis
158  TIM2e+I+G4    71.197       8   158.395      163.728      171.063
WARNING: 2 threads for alignment length 8 will slow down analysis
159  TIM2e+R2      71.332       8   158.665      163.998      171.333
WARNING: 2 threads for alignment length 8 will slow down analysis
177  TIM+F         66.567       9   151.134      158.057      165.386
WARNING: 2 threads for alignment length 8 will slow down analysis
178  TIM+F+I       66.184       10  152.368      161.168      168.203
WARNING: 2 threads for alignment length 8 will slow down analysis
179  TIM+F+G4      66.201       10  152.402      161.202      168.238
WARNING: 2 threads for alignment length 8 will slow down analysis
180  TIM+F+I+G4    66.204       11  154.407      165.407      171.826
WARNING: 2 threads for alignment length 8 will slow down analysis
181  TIM+F+R2      66.199       11  154.398      165.398      171.817
WARNING: 2 threads for alignment length 8 will slow down analysis
199  TIMe          70.167       6   152.334      155.230      161.835
WARNING: 2 threads for alignment length 8 will slow down analysis
200  TIMe+I        69.514       7   153.027      157.027      164.112
WARNING: 2 threads for alignment length 8 will slow down analysis
201  TIMe+G4       69.523       7   153.047      157.047      164.132
WARNING: 2 threads for alignment length 8 will slow down analysis
202  TIMe+I+G4     69.552       8   155.103      160.437      167.771
WARNING: 2 threads for alignment length 8 will slow down analysis
203  TIMe+R2       69.580       8   155.160      160.493      167.828
WARNING: 2 threads for alignment length 8 will slow down analysis
221  TPM3u+F       69.325       8   154.650      159.983      167.318
WARNING: 2 threads for alignment length 8 will slow down analysis
222  TPM3u+F+I     68.603       9   155.206      162.129      169.457
WARNING: 2 threads for alignment length 8 will slow down analysis
223  TPM3u+F+G4    68.601       9   155.202      162.126      169.454
WARNING: 2 threads for alignment length 8 will slow down analysis
224  TPM3u+F+I+G4  68.595       10  157.190      165.990      173.025
WARNING: 2 threads for alignment length 8 will slow down analysis
225  TPM3u+F+R2    68.681       10  157.361      166.161      173.196
WARNING: 2 threads for alignment length 8 will slow down analysis
243  TPM3          72.942       5   155.885      157.885      163.802
WARNING: 2 threads for alignment length 8 will slow down analysis
244  TPM3+I        71.860       6   155.720      158.617      165.222
WARNING: 2 threads for alignment length 8 will slow down analysis
245  TPM3+G4       71.913       6   155.826      158.722      165.327
WARNING: 2 threads for alignment length 8 will slow down analysis
246  TPM3+I+G4     71.861       7   157.722      161.722      168.807
WARNING: 2 threads for alignment length 8 will slow down analysis
247  TPM3+R2       72.014       7   158.028      162.028      169.112
WARNING: 2 threads for alignment length 8 will slow down analysis
265  TPM2u+F       70.168       8   156.337      161.670      169.005
WARNING: 2 threads for alignment length 8 will slow down analysis
266  TPM2u+F+I     69.066       9   156.132      163.055      170.383
WARNING: 2 threads for alignment length 8 will slow down analysis
267  TPM2u+F+G4    69.109       9   156.219      163.142      170.470
WARNING: 2 threads for alignment length 8 will slow down analysis
268  TPM2u+F+I+G4  69.071       10  158.142      166.942      173.977
WARNING: 2 threads for alignment length 8 will slow down analysis
269  TPM2u+F+R2    69.402       10  158.804      167.604      174.640
WARNING: 2 threads for alignment length 8 will slow down analysis
287  TPM2          73.360       5   156.721      158.721      164.638
WARNING: 2 threads for alignment length 8 will slow down analysis
288  TPM2+I        71.785       6   155.571      158.467      165.072
WARNING: 2 threads for alignment length 8 will slow down analysis
289  TPM2+G4       72.105       6   156.210      159.106      165.711
WARNING: 2 threads for alignment length 8 will slow down analysis
290  TPM2+I+G4     71.781       7   157.563      161.563      168.647
WARNING: 2 threads for alignment length 8 will slow down analysis
291  TPM2+R2       72.242       7   158.483      162.483      169.568
WARNING: 2 threads for alignment length 8 will slow down analysis
309  K3Pu+F        67.759       8   151.518      156.851      164.186
WARNING: 2 threads for alignment length 8 will slow down analysis
310  K3Pu+F+I      67.153       9   152.306      159.229      166.558
WARNING: 2 threads for alignment length 8 will slow down analysis
311  K3Pu+F+G4     67.161       9   152.322      159.245      166.574
WARNING: 2 threads for alignment length 8 will slow down analysis
312  K3Pu+F+I+G4   67.174       10  154.348      163.148      170.184
WARNING: 2 threads for alignment length 8 will slow down analysis
313  K3Pu+F+R2     67.260       10  154.520      163.320      170.355
WARNING: 2 threads for alignment length 8 will slow down analysis
331  K3P           71.441       5   152.882      154.882      160.800
WARNING: 2 threads for alignment length 8 will slow down analysis
332  K3P+I         70.575       6   153.150      156.046      162.651
WARNING: 2 threads for alignment length 8 will slow down analysis
333  K3P+G4        70.580       6   153.160      156.056      162.661
WARNING: 2 threads for alignment length 8 will slow down analysis
334  K3P+I+G4      70.599       7   155.197      159.197      166.282
WARNING: 2 threads for alignment length 8 will slow down analysis
335  K3P+R2        70.858       7   155.717      159.717      166.801
WARNING: 2 threads for alignment length 8 will slow down analysis
353  TN+F          68.980       8   153.961      159.294      166.629
WARNING: 2 threads for alignment length 8 will slow down analysis
354  TN+F+I        68.316       9   154.631      161.554      168.883
WARNING: 2 threads for alignment length 8 will slow down analysis
355  TN+F+G4       68.319       9   154.638      161.561      168.889
WARNING: 2 threads for alignment length 8 will slow down analysis
356  TN+F+I+G4     68.329       10  156.658      165.458      172.493
WARNING: 2 threads for alignment length 8 will slow down analysis
357  TN+F+R2       68.478       10  156.956      165.756      172.791
WARNING: 2 threads for alignment length 8 will slow down analysis
375  TNe           72.136       5   154.273      156.273      162.191
WARNING: 2 threads for alignment length 8 will slow down analysis
376  TNe+I         71.234       6   154.467      157.364      163.968
WARNING: 2 threads for alignment length 8 will slow down analysis
377  TNe+G4        71.237       6   154.474      157.370      163.975
WARNING: 2 threads for alignment length 8 will slow down analysis
378  TNe+I+G4      71.269       7   156.538      160.538      167.623
WARNING: 2 threads for alignment length 8 will slow down analysis
379  TNe+R2        71.580       7   157.161      161.161      168.245
WARNING: 2 threads for alignment length 8 will slow down analysis
397  HKY+F         70.170       7   154.340      158.340      165.425
WARNING: 2 threads for alignment length 8 will slow down analysis
398  HKY+F+I       69.067       8   154.134      159.467      166.802
WARNING: 2 threads for alignment length 8 will slow down analysis
399  HKY+F+G4      69.111       8   154.222      159.556      166.890
WARNING: 2 threads for alignment length 8 will slow down analysis
400  HKY+F+I+G4    69.073       9   156.147      163.070      170.399
WARNING: 2 threads for alignment length 8 will slow down analysis
401  HKY+F+R2      69.588       9   157.176      164.099      171.428
WARNING: 2 threads for alignment length 8 will slow down analysis
419  K2P           73.400       4   154.801      156.091      161.135
WARNING: 2 threads for alignment length 8 will slow down analysis
420  K2P+I         72.052       5   154.104      156.104      162.022
WARNING: 2 threads for alignment length 8 will slow down analysis
421  K2P+G4        72.199       5   154.399      156.399      162.316
WARNING: 2 threads for alignment length 8 will slow down analysis
422  K2P+I+G4      72.063       6   156.126      159.023      165.627
WARNING: 2 threads for alignment length 8 will slow down analysis
423  K2P+R2        72.855       6   157.709      160.606      167.210
WARNING: 2 threads for alignment length 8 will slow down analysis
441  F81+F         70.288       6   152.576      155.473      162.077
WARNING: 2 threads for alignment length 8 will slow down analysis
442  F81+F+I       69.132       7   152.263      156.263      163.348
WARNING: 2 threads for alignment length 8 will slow down analysis
443  F81+F+G4      69.192       7   152.384      156.384      163.468
WARNING: 2 threads for alignment length 8 will slow down analysis
444  F81+F+I+G4    69.132       8   154.263      159.597      166.932
WARNING: 2 threads for alignment length 8 will slow down analysis
445  F81+F+R2      69.829       8   155.658      160.992      168.326
WARNING: 2 threads for alignment length 8 will slow down analysis
463  JC            73.450       3   152.900      153.650      157.650
WARNING: 2 threads for alignment length 8 will slow down analysis
464  JC+I          72.117       4   152.233      153.523      158.567
WARNING: 2 threads for alignment length 8 will slow down analysis
465  JC+G4         72.255       4   152.511      153.801      158.845
WARNING: 2 threads for alignment length 8 will slow down analysis
466  JC+I+G4       72.117       5   154.233      156.233      162.151
WARNING: 2 threads for alignment length 8 will slow down analysis
467  JC+R2         73.036       5   156.071      158.071      163.989
Akaike Information Criterion:           TIM+F
Corrected Akaike Information Criterion: JC+I
Bayesian Information Criterion:         JC
Best-fit model: JC chosen according to BIC

All model information printed to arbol.model.gz
CPU time for ModelFinder: 88.230 seconds (0h:1m:28s)
Wall-clock time for ModelFinder: 90.781 seconds (0h:1m:30s)
WARNING: 2 threads for alignment length 8 will slow down analysis

NOTE: 0 MB RAM (0 GB) is required!
Estimate model parameters (epsilon = 0.100)
1. Initial log-likelihood: -73.453
Optimal log-likelihood: -73.450
Rate parameters:  A-C: 1.00000  A-G: 1.00000  A-T: 1.00000  C-G: 1.00000  C-T: 1.00000  G-T: 1.00000
Base frequencies:  A: 0.250  C: 0.250  G: 0.250  T: 0.250
Parameters optimization took 1 rounds (0.000 sec)
Wrote distance file to... 
Computing ML distances based on estimated model parameters...
Calculating distance matrix: done in 3.29018e-05 secs using 197.6% CPU
Computing ML distances took 0.000073 sec (of wall-clock time) 0.000137 sec (of CPU time)
Setting up auxiliary I and S matrices: done in 2.59876e-05 secs using 192.4% CPU
Constructing RapidNJ tree: done in 9.53674e-07 secs using 209.7% CPU
Computing RapidNJ tree took 0.000071 sec (of wall-clock time) 0.000103 sec (of CPU time)
Log-likelihood of RapidNJ tree: -73.450
--------------------------------------------------------------------
|             INITIALIZING CANDIDATE TREE SET                      |
--------------------------------------------------------------------
Generating 99 parsimony trees... 0.003 second
Current best score: -73.450

Do NNI search on 1 best initial trees
Optimizing NNI: done in 4.05312e-06 secs using 271.4% CPU
Finish initializing candidate tree set (1)
Current best tree score: -73.450 / CPU time: 0.010
Number of iterations: 1
--------------------------------------------------------------------
|               OPTIMIZING CANDIDATE TREE SET                      |
--------------------------------------------------------------------
Optimizing NNI: done in 5.00679e-06 secs using 219.7% CPU
Optimizing NNI: done in 2.86102e-06 secs using 209.7% CPU
Optimizing NNI: done in 1.90735e-06 secs using 262.1% CPU
Optimizing NNI: done in 2.14577e-06 secs using 279.6% CPU
Optimizing NNI: done in 1.90735e-06 secs using 262.1% CPU
Optimizing NNI: done in 1.90735e-06 secs using 262.1% CPU
Optimizing NNI: done in 1.90735e-06 secs using 314.6% CPU
Optimizing NNI: done in 2.14577e-06 secs using 233% CPU
Optimizing NNI: done in 1.90735e-06 secs using 262.1% CPU
Iteration 10 / LogL: -73.450 / Time: 0h:0m:0s
Optimizing NNI: done in 2.14577e-06 secs using 233% CPU
Optimizing NNI: done in 1.90735e-06 secs using 314.6% CPU
Optimizing NNI: done in 1.90735e-06 secs using 314.6% CPU
Optimizing NNI: done in 1.90735e-06 secs using 262.1% CPU
Optimizing NNI: done in 2.14577e-06 secs using 233% CPU
Optimizing NNI: done in 1.90735e-06 secs using 262.1% CPU
Optimizing NNI: done in 1.90735e-06 secs using 262.1% CPU
Optimizing NNI: done in 1.90735e-06 secs using 262.1% CPU
Optimizing NNI: done in 1.90735e-06 secs using 262.1% CPU
Optimizing NNI: done in 1.90735e-06 secs using 262.1% CPU
Iteration 20 / LogL: -73.450 / Time: 0h:0m:0s
Optimizing NNI: done in 1.90735e-06 secs using 314.6% CPU
Optimizing NNI: done in 1.90735e-06 secs using 314.6% CPU
Optimizing NNI: done in 1.90735e-06 secs using 314.6% CPU
Optimizing NNI: done in 2.14577e-06 secs using 233% CPU
Optimizing NNI: done in 3.09944e-06 secs using 161.3% CPU
Optimizing NNI: done in 3.09944e-06 secs using 161.3% CPU
Optimizing NNI: done in 1.90735e-06 secs using 314.6% CPU
Optimizing NNI: done in 3.09944e-06 secs using 193.6% CPU
Optimizing NNI: done in 1.90735e-06 secs using 262.1% CPU
Optimizing NNI: done in 2.14577e-06 secs using 233% CPU
Iteration 30 / LogL: -73.450 / Time: 0h:0m:0s (0h:0m:0s left)
Optimizing NNI: done in 2.14577e-06 secs using 233% CPU
Optimizing NNI: done in 2.14577e-06 secs using 186.4% CPU
Optimizing NNI: done in 2.14577e-06 secs using 233% CPU
Optimizing NNI: done in 1.90735e-06 secs using 262.1% CPU
Optimizing NNI: done in 2.14577e-06 secs using 233% CPU
Optimizing NNI: done in 1.90735e-06 secs using 262.1% CPU
Optimizing NNI: done in 2.14577e-06 secs using 279.6% CPU
Optimizing NNI: done in 2.14577e-06 secs using 233% CPU
Optimizing NNI: done in 2.14577e-06 secs using 233% CPU
Optimizing NNI: done in 2.14577e-06 secs using 279.6% CPU
Iteration 40 / LogL: -73.450 / Time: 0h:0m:0s (0h:0m:0s left)
Optimizing NNI: done in 1.90735e-06 secs using 314.6% CPU
Optimizing NNI: done in 3.09944e-06 secs using 193.6% CPU
Optimizing NNI: done in 2.14577e-06 secs using 279.6% CPU
Optimizing NNI: done in 1.90735e-06 secs using 314.6% CPU
Optimizing NNI: done in 1.90735e-06 secs using 314.6% CPU
Optimizing NNI: done in 1.90735e-06 secs using 314.6% CPU
Optimizing NNI: done in 1.90735e-06 secs using 262.1% CPU
Optimizing NNI: done in 1.90735e-06 secs using 262.1% CPU
Optimizing NNI: done in 3.09944e-06 secs using 193.6% CPU
Optimizing NNI: done in 1.90735e-06 secs using 314.6% CPU
Iteration 50 / LogL: -73.450 / Time: 0h:0m:0s (0h:0m:0s left)
Optimizing NNI: done in 1.90735e-06 secs using 262.1% CPU
Optimizing NNI: done in 1.90735e-06 secs using 262.1% CPU
Optimizing NNI: done in 1.90735e-06 secs using 262.1% CPU
Optimizing NNI: done in 1.90735e-06 secs using 262.1% CPU
Optimizing NNI: done in 1.90735e-06 secs using 314.6% CPU
Optimizing NNI: done in 2.14577e-06 secs using 233% CPU
Optimizing NNI: done in 1.90735e-06 secs using 262.1% CPU
Optimizing NNI: done in 2.14577e-06 secs using 233% CPU
Optimizing NNI: done in 1.90735e-06 secs using 262.1% CPU
Optimizing NNI: done in 2.14577e-06 secs using 279.6% CPU
Iteration 60 / LogL: -73.450 / Time: 0h:0m:0s (0h:0m:0s left)
Optimizing NNI: done in 1.90735e-06 secs using 262.1% CPU
Optimizing NNI: done in 1.90735e-06 secs using 262.1% CPU
Optimizing NNI: done in 1.90735e-06 secs using 314.6% CPU
Optimizing NNI: done in 1.90735e-06 secs using 314.6% CPU
Optimizing NNI: done in 1.90735e-06 secs using 262.1% CPU
Optimizing NNI: done in 2.14577e-06 secs using 233% CPU
Optimizing NNI: done in 2.14577e-06 secs using 279.6% CPU
Optimizing NNI: done in 1.90735e-06 secs using 314.6% CPU
Optimizing NNI: done in 1.90735e-06 secs using 262.1% CPU
Optimizing NNI: done in 2.14577e-06 secs using 233% CPU
Iteration 70 / LogL: -73.450 / Time: 0h:0m:0s (0h:0m:0s left)
Optimizing NNI: done in 2.14577e-06 secs using 279.6% CPU
Optimizing NNI: done in 2.14577e-06 secs using 233% CPU
Optimizing NNI: done in 2.14577e-06 secs using 233% CPU
Optimizing NNI: done in 1.90735e-06 secs using 262.1% CPU
Optimizing NNI: done in 1.90735e-06 secs using 262.1% CPU
Optimizing NNI: done in 2.14577e-06 secs using 279.6% CPU
Optimizing NNI: done in 2.14577e-06 secs using 233% CPU
Optimizing NNI: done in 2.14577e-06 secs using 233% CPU
Optimizing NNI: done in 2.14577e-06 secs
Optimizing NNI: done in 1.90735e-06 secs
Iteration 80 / LogL: -73.450 / Time: 0h:0m:0s (0h:0m:0s left)
Optimizing NNI: done in 1.90735e-06 secs
Optimizing NNI: done in 1.90735e-06 secs
Optimizing NNI: done in 2.14577e-06 secs
Optimizing NNI: done in 2.14577e-06 secs using 186.4% CPU
Optimizing NNI: done in 9.53674e-07 secs using 524.3% CPU
Optimizing NNI: done in 1.90735e-06 secs using 262.1% CPU
Optimizing NNI: done in 1.90735e-06 secs using 209.7% CPU
Optimizing NNI: done in 1.90735e-06 secs using 262.1% CPU
Optimizing NNI: done in 2.14577e-06 secs using 233% CPU
Optimizing NNI: done in 2.14577e-06 secs using 186.4% CPU
Iteration 90 / LogL: -73.450 / Time: 0h:0m:0s (0h:0m:0s left)
Optimizing NNI: done in 2.14577e-06 secs using 233% CPU
Optimizing NNI: done in 1.90735e-06 secs using 262.1% CPU
Optimizing NNI: done in 2.86102e-06 secs using 174.8% CPU
Optimizing NNI: done in 2.14577e-06 secs using 233% CPU
Optimizing NNI: done in 1.90735e-06 secs using 314.6% CPU
Optimizing NNI: done in 3.09944e-06 secs using 193.6% CPU
Optimizing NNI: done in 1.90735e-06 secs using 314.6% CPU
Optimizing NNI: done in 2.14577e-06 secs using 233% CPU
Optimizing NNI: done in 1.90735e-06 secs using 262.1% CPU
Optimizing NNI: done in 1.90735e-06 secs using 262.1% CPU
Iteration 100 / LogL: -73.450 / Time: 0h:0m:0s (0h:0m:0s left)
Optimizing NNI: done in 1.90735e-06 secs using 262.1% CPU
TREE SEARCH COMPLETED AFTER 101 ITERATIONS / Time: 0h:0m:0s

--------------------------------------------------------------------
|                    FINALIZING TREE SEARCH                        |
--------------------------------------------------------------------
Performs final model parameters optimization
Estimate model parameters (epsilon = 0.010)
1. Initial log-likelihood: -73.450
Optimal log-likelihood: -73.450
Rate parameters:  A-C: 1.00000  A-G: 1.00000  A-T: 1.00000  C-G: 1.00000  C-T: 1.00000  G-T: 1.00000
Base frequencies:  A: 0.250  C: 0.250  G: 0.250  T: 0.250
Parameters optimization took 1 rounds (0.000 sec)
BEST SCORE FOUND : -73.450
Total tree length: 0.146

Total number of iterations: 101
CPU time used for tree search: 0.038 sec (0h:0m:0s)
Wall-clock time used for tree search: 0.015 sec (0h:0m:0s)
Total CPU time used: 0.077 sec (0h:0m:0s)
Total wall-clock time used: 0.049 sec (0h:0m:0s)

Analysis results written to: 
  IQ-TREE report:                arbol.iqtree
  Maximum-likelihood tree:       arbol.treefile
  Likelihood distances:          arbol.mldist
  Screen log file:               arbol.log

Date and Time: Tue Jul 15 15:36:25 2025
